Using pre-set license
Built from '2020.3/staging' branch; Version is '2020.3.0f1 (c7b5465681fb) revision 13088070'; Using compiler version '192528614'; Build Type 'Release'
OS: 'Windows 10 Home Single Language; OS build 22000.184; Version 2009; 64bit' Language: 'en' Physical Memory: 6082 MB
BatchMode: 1, IsHumanControllingUs: 0, StartBugReporterOnCrash: 0, Is64bit: 1, IsPro: 0

 COMMAND LINE ARGUMENTS:
C:\Program Files\Unity\Hub\Editor\2020.3.0f1\Editor\Unity.exe
-adb2
-batchMode
-noUpm
-name
AssetImportWorker0
-projectPath
D:/Flappy Project/Flappy Project
-logFile
Logs/AssetImportWorker0.log
-srvPort
49680
Successfully changed project path to: D:/Flappy Project/Flappy Project
D:/Flappy Project/Flappy Project
Using Asset Import Pipeline V2.
Refreshing native plugins compatible for Editor in 94.57 ms, found 0 plugins.
Preloading 0 native plugins for Editor in 0.00 ms.
Initialize engine version: 2020.3.0f1 (c7b5465681fb)
[Subsystems] Discovering subsystems at path C:/Program Files/Unity/Hub/Editor/2020.3.0f1/Editor/Data/Resources/UnitySubsystems
[Subsystems] Discovering subsystems at path D:/Flappy Project/Flappy Project/Assets
GfxDevice: creating device client; threaded=0
Direct3D:
    Version:  Direct3D 11.0 [level 11.1]
    Renderer: Radeon RX 560X Series (ID=0x67ef)
    Vendor:   
    VRAM:     4076 MB
    Driver:   30.0.13011.1004
Initialize mono
Mono path[0] = 'C:/Program Files/Unity/Hub/Editor/2020.3.0f1/Editor/Data/Managed'
Mono path[1] = 'C:/Program Files/Unity/Hub/Editor/2020.3.0f1/Editor/Data/MonoBleedingEdge/lib/mono/unityjit'
Mono config path = 'C:/Program Files/Unity/Hub/Editor/2020.3.0f1/Editor/Data/MonoBleedingEdge/etc'
Using monoOptions --debugger-agent=transport=dt_socket,embedding=1,server=y,suspend=n,address=127.0.0.1:56504
Begin MonoManager ReloadAssembly
Registering precompiled unity dll's ...
Register platform support module: C:/Program Files/Unity/Hub/Editor/2020.3.0f1/Editor/Data/PlaybackEngines/WebGLSupport/UnityEditor.WebGL.Extensions.dll
Register platform support module: C:/Program Files/Unity/Hub/Editor/2020.3.0f1/Editor/Data/PlaybackEngines/WindowsStandaloneSupport/UnityEditor.WindowsStandalone.Extensions.dll
Registered in 0.009029 seconds.
Native extension for WindowsStandalone target not found
Native extension for WebGL target not found
Refreshing native plugins compatible for Editor in 71.83 ms, found 0 plugins.
Preloading 0 native plugins for Editor in 0.00 ms.
Invoked RoslynAnalysisRunner static constructor.
RoslynAnalysisRunner will not be running.
RoslynAnalysisRunner has terminated.
Mono: successfully reloaded assembly
- Completed reload, in  6.392 seconds
Platform modules already initialized, skipping
Registering precompiled user dll's ...
Registered in 0.001584 seconds.
Begin MonoManager ReloadAssembly
Native extension for WindowsStandalone target not found
Native extension for WebGL target not found
Refreshing native plugins compatible for Editor in 0.51 ms, found 0 plugins.
Preloading 0 native plugins for Editor in 0.00 ms.
Invoked RoslynAnalysisRunner static constructor.
RoslynAnalysisRunner will not be running.
RoslynAnalysisRunner has terminated.
Mono: successfully reloaded assembly
- Completed reload, in  2.585 seconds
Platform modules already initialized, skipping
========================================================================
Worker process is ready to serve import requests
Launched and connected shader compiler UnityShaderCompiler.exe after 0.18 seconds
Refreshing native plugins compatible for Editor in 0.49 ms, found 0 plugins.
Preloading 0 native plugins for Editor in 0.00 ms.
Unloading 1133 Unused Serialized files (Serialized files now loaded: 0)
System memory in use before: 59.4 MB.
System memory in use after: 59.5 MB.

Unloading 9 unused Assets to reduce memory usage. Loaded Objects now: 1577.
Total: 21.335900 ms (FindLiveObjects: 14.479000 ms CreateObjectMapping: 0.230500 ms MarkObjects: 6.388200 ms  DeleteObjects: 0.230300 ms)

========================================================================
Received Import Request.
  path: Assets/Scripts/PauseMenuUI.cs
  artifactKey: Guid(2c1ce742719f93c4795bb63eddbc08d2) Importer(815301076,1909f56bfc062723c751e8b465ee728b)
Start importing Assets/Scripts/PauseMenuUI.cs using Guid(2c1ce742719f93c4795bb63eddbc08d2) Importer(815301076,1909f56bfc062723c751e8b465ee728b)  -> (artifact id: '7040a746728496f36fc5e8c63e42d9ea') in 0.149087 seconds
  Import took 0.174083 seconds .

========================================================================
Received Import Request.
  Time since last request: 932.395654 seconds.
  path: Assets/Scenes/Level 0.unity
  artifactKey: Guid(9fc0d4010bbf28b4594072e72b8655ab) Importer(815301076,1909f56bfc062723c751e8b465ee728b)
Start importing Assets/Scenes/Level 0.unity using Guid(9fc0d4010bbf28b4594072e72b8655ab) Importer(815301076,1909f56bfc062723c751e8b465ee728b)  -> (artifact id: '710e874c9119f3287f4c54394026e4b4') in 0.088960 seconds
  Import took 0.096337 seconds .

========================================================================
Received Prepare
Registering precompiled user dll's ...
Registered in 0.002253 seconds.
Begin MonoManager ReloadAssembly
Native extension for WindowsStandalone target not found
Native extension for WebGL target not found
Refreshing native plugins compatible for Editor in 0.58 ms, found 0 plugins.
Preloading 0 native plugins for Editor in 0.00 ms.
Invoked RoslynAnalysisRunner static constructor.
RoslynAnalysisRunner will not be running.
RoslynAnalysisRunner has terminated.
Mono: successfully reloaded assembly
- Completed reload, in  2.692 seconds
Platform modules already initialized, skipping
Refreshing native plugins compatible for Editor in 0.87 ms, found 0 plugins.
Preloading 0 native plugins for Editor in 0.00 ms.
Unloading 1113 Unused Serialized files (Serialized files now loaded: 0)
System memory in use before: 58.2 MB.
System memory in use after: 58.3 MB.

Unloading 4 unused Assets to reduce memory usage. Loaded Objects now: 1580.
Total: 6.529500 ms (FindLiveObjects: 0.654400 ms CreateObjectMapping: 0.309200 ms MarkObjects: 5.492300 ms  DeleteObjects: 0.069700 ms)

========================================================================
Received Prepare
Registering precompiled user dll's ...
Registered in 0.004566 seconds.
Begin MonoManager ReloadAssembly
Native extension for WindowsStandalone target not found
Native extension for WebGL target not found
Refreshing native plugins compatible for Editor in 0.86 ms, found 0 plugins.
Preloading 0 native plugins for Editor in 0.00 ms.
Invoked RoslynAnalysisRunner static constructor.
RoslynAnalysisRunner will not be running.
RoslynAnalysisRunner has terminated.
Mono: successfully reloaded assembly
- Completed reload, in  2.921 seconds
Platform modules already initialized, skipping
Refreshing native plugins compatible for Editor in 0.93 ms, found 0 plugins.
Preloading 0 native plugins for Editor in 0.00 ms.
Unloading 1114 Unused Serialized files (Serialized files now loaded: 0)
System memory in use before: 58.3 MB.
System memory in use after: 58.4 MB.

Unloading 4 unused Assets to reduce memory usage. Loaded Objects now: 1584.
Total: 4.430100 ms (FindLiveObjects: 0.494500 ms CreateObjectMapping: 0.077000 ms MarkObjects: 3.798100 ms  DeleteObjects: 0.055000 ms)

========================================================================
Received Import Request.
  Time since last request: 121.770199 seconds.
  path: Assets/Scripts/GameManager.cs
  artifactKey: Guid(1e9f0b4d6c4f07849ad6c8926e8f3741) Importer(815301076,1909f56bfc062723c751e8b465ee728b)
Start importing Assets/Scripts/GameManager.cs using Guid(1e9f0b4d6c4f07849ad6c8926e8f3741) Importer(815301076,1909f56bfc062723c751e8b465ee728b)  -> (artifact id: '955c41e2841f8a4166f0238539c0c1e5') in 0.079644 seconds
  Import took 0.128331 seconds .

========================================================================
Received Prepare
Registering precompiled user dll's ...
Registered in 0.003012 seconds.
Begin MonoManager ReloadAssembly
Native extension for WindowsStandalone target not found
Native extension for WebGL target not found
Refreshing native plugins compatible for Editor in 0.63 ms, found 0 plugins.
Preloading 0 native plugins for Editor in 0.00 ms.
Invoked RoslynAnalysisRunner static constructor.
RoslynAnalysisRunner will not be running.
RoslynAnalysisRunner has terminated.
Mono: successfully reloaded assembly
- Completed reload, in  2.636 seconds
Platform modules already initialized, skipping
Refreshing native plugins compatible for Editor in 0.50 ms, found 0 plugins.
Preloading 0 native plugins for Editor in 0.00 ms.
Unloading 1114 Unused Serialized files (Serialized files now loaded: 0)
System memory in use before: 58.3 MB.
System memory in use after: 58.4 MB.

Unloading 4 unused Assets to reduce memory usage. Loaded Objects now: 1587.
Total: 5.345500 ms (FindLiveObjects: 0.349400 ms CreateObjectMapping: 0.085200 ms MarkObjects: 4.856400 ms  DeleteObjects: 0.051200 ms)

========================================================================
Received Import Request.
  Time since last request: 128.485744 seconds.
  path: Assets/Scripts/GameManager.cs
  artifactKey: Guid(1e9f0b4d6c4f07849ad6c8926e8f3741) Importer(815301076,1909f56bfc062723c751e8b465ee728b)
Start importing Assets/Scripts/GameManager.cs using Guid(1e9f0b4d6c4f07849ad6c8926e8f3741) Importer(815301076,1909f56bfc062723c751e8b465ee728b)  -> (artifact id: '75f1e02ed4631648a91dcf5c51e4fe3a') in 0.014382 seconds
  Import took 0.041121 seconds .

========================================================================
Received Prepare
Registering precompiled user dll's ...
Registered in 0.002672 seconds.
Begin MonoManager ReloadAssembly
Native extension for WindowsStandalone target not found
Native extension for WebGL target not found
Refreshing native plugins compatible for Editor in 0.54 ms, found 0 plugins.
Preloading 0 native plugins for Editor in 0.00 ms.
Invoked RoslynAnalysisRunner static constructor.
RoslynAnalysisRunner will not be running.
RoslynAnalysisRunner has terminated.
Mono: successfully reloaded assembly
- Completed reload, in  2.525 seconds
Platform modules already initialized, skipping
Refreshing native plugins compatible for Editor in 0.82 ms, found 0 plugins.
Preloading 0 native plugins for Editor in 0.00 ms.
Unloading 1114 Unused Serialized files (Serialized files now loaded: 0)
System memory in use before: 58.3 MB.
System memory in use after: 58.4 MB.

Unloading 4 unused Assets to reduce memory usage. Loaded Objects now: 1590.
Total: 5.047200 ms (FindLiveObjects: 0.776200 ms CreateObjectMapping: 0.256800 ms MarkObjects: 3.962200 ms  DeleteObjects: 0.047300 ms)

========================================================================
Received Import Request.
  Time since last request: 93.557803 seconds.
  path: Assets/Prefabs/GameManager.prefab
  artifactKey: Guid(1dbf991cfabba8541bdb5ae47198e071) Importer(815301076,1909f56bfc062723c751e8b465ee728b)
Start importing Assets/Prefabs/GameManager.prefab using Guid(1dbf991cfabba8541bdb5ae47198e071) Importer(815301076,1909f56bfc062723c751e8b465ee728b)  -> (artifact id: 'c7c7db5cbcb3364977d9e65e68314ea2') in 0.150376 seconds
  Import took 0.157961 seconds .

========================================================================
Received Prepare
Registering precompiled user dll's ...
Registered in 0.002109 seconds.
Begin MonoManager ReloadAssembly
Native extension for WindowsStandalone target not found
Native extension for WebGL target not found
Refreshing native plugins compatible for Editor in 0.52 ms, found 0 plugins.
Preloading 0 native plugins for Editor in 0.00 ms.
Invoked RoslynAnalysisRunner static constructor.
RoslynAnalysisRunner will not be running.
RoslynAnalysisRunner has terminated.
Mono: successfully reloaded assembly
- Completed reload, in  2.561 seconds
Platform modules already initialized, skipping
Refreshing native plugins compatible for Editor in 0.82 ms, found 0 plugins.
Preloading 0 native plugins for Editor in 0.00 ms.
Unloading 1114 Unused Serialized files (Serialized files now loaded: 0)
System memory in use before: 58.3 MB.
System memory in use after: 58.4 MB.

Unloading 4 unused Assets to reduce memory usage. Loaded Objects now: 1593.
Total: 4.777300 ms (FindLiveObjects: 0.510300 ms CreateObjectMapping: 0.135000 ms MarkObjects: 4.071400 ms  DeleteObjects: 0.056800 ms)

========================================================================
Received Prepare
Registering precompiled user dll's ...
Registered in 0.001711 seconds.
Begin MonoManager ReloadAssembly
Native extension for WindowsStandalone target not found
Native extension for WebGL target not found
Refreshing native plugins compatible for Editor in 0.45 ms, found 0 plugins.
Preloading 0 native plugins for Editor in 0.00 ms.
Invoked RoslynAnalysisRunner static constructor.
RoslynAnalysisRunner will not be running.
RoslynAnalysisRunner has terminated.
Mono: successfully reloaded assembly
- Completed reload, in  2.568 seconds
Platform modules already initialized, skipping
Refreshing native plugins compatible for Editor in 0.81 ms, found 0 plugins.
Preloading 0 native plugins for Editor in 0.00 ms.
Unloading 1114 Unused Serialized files (Serialized files now loaded: 0)
System memory in use before: 58.3 MB.
System memory in use after: 58.4 MB.

Unloading 4 unused Assets to reduce memory usage. Loaded Objects now: 1596.
Total: 5.246500 ms (FindLiveObjects: 0.448000 ms CreateObjectMapping: 0.102700 ms MarkObjects: 4.647100 ms  DeleteObjects: 0.044400 ms)

========================================================================
Received Prepare
Registering precompiled user dll's ...
Registered in 0.001944 seconds.
Begin MonoManager ReloadAssembly
Native extension for WindowsStandalone target not found
Native extension for WebGL target not found
Refreshing native plugins compatible for Editor in 0.46 ms, found 0 plugins.
Preloading 0 native plugins for Editor in 0.00 ms.
Invoked RoslynAnalysisRunner static constructor.
RoslynAnalysisRunner will not be running.
RoslynAnalysisRunner has terminated.
Mono: successfully reloaded assembly
- Completed reload, in  2.793 seconds
Platform modules already initialized, skipping
Refreshing native plugins compatible for Editor in 0.45 ms, found 0 plugins.
Preloading 0 native plugins for Editor in 0.00 ms.
Unloading 1114 Unused Serialized files (Serialized files now loaded: 0)
System memory in use before: 58.3 MB.
System memory in use after: 58.4 MB.

Unloading 4 unused Assets to reduce memory usage. Loaded Objects now: 1599.
Total: 4.047100 ms (FindLiveObjects: 0.393100 ms CreateObjectMapping: 0.070800 ms MarkObjects: 3.538600 ms  DeleteObjects: 0.041400 ms)

========================================================================
Received Prepare
Registering precompiled user dll's ...
Registered in 0.001848 seconds.
Begin MonoManager ReloadAssembly
Native extension for WindowsStandalone target not found
Native extension for WebGL target not found
Refreshing native plugins compatible for Editor in 0.70 ms, found 0 plugins.
Preloading 0 native plugins for Editor in 0.00 ms.
Invoked RoslynAnalysisRunner static constructor.
RoslynAnalysisRunner will not be running.
RoslynAnalysisRunner has terminated.
Mono: successfully reloaded assembly
- Completed reload, in  2.732 seconds
Platform modules already initialized, skipping
Refreshing native plugins compatible for Editor in 0.55 ms, found 0 plugins.
Preloading 0 native plugins for Editor in 0.00 ms.
Unloading 1114 Unused Serialized files (Serialized files now loaded: 0)
System memory in use before: 58.3 MB.
System memory in use after: 58.4 MB.

Unloading 4 unused Assets to reduce memory usage. Loaded Objects now: 1602.
Total: 5.240100 ms (FindLiveObjects: 0.520400 ms CreateObjectMapping: 0.082800 ms MarkObjects: 4.590200 ms  DeleteObjects: 0.042400 ms)

========================================================================
Received Prepare
Registering precompiled user dll's ...
Registered in 0.002636 seconds.
Begin MonoManager ReloadAssembly
Native extension for WindowsStandalone target not found
Native extension for WebGL target not found
Refreshing native plugins compatible for Editor in 0.73 ms, found 0 plugins.
Preloading 0 native plugins for Editor in 0.00 ms.
Invoked RoslynAnalysisRunner static constructor.
RoslynAnalysisRunner will not be running.
RoslynAnalysisRunner has terminated.
Mono: successfully reloaded assembly
- Completed reload, in  2.614 seconds
Platform modules already initialized, skipping
Refreshing native plugins compatible for Editor in 0.62 ms, found 0 plugins.
Preloading 0 native plugins for Editor in 0.00 ms.
Unloading 1114 Unused Serialized files (Serialized files now loaded: 0)
System memory in use before: 58.3 MB.
System memory in use after: 58.4 MB.

Unloading 4 unused Assets to reduce memory usage. Loaded Objects now: 1605.
Total: 5.340800 ms (FindLiveObjects: 0.649200 ms CreateObjectMapping: 0.087500 ms MarkObjects: 4.539700 ms  DeleteObjects: 0.060300 ms)

========================================================================
Received Prepare
Registering precompiled user dll's ...
Registered in 0.001605 seconds.
Begin MonoManager ReloadAssembly
Native extension for WindowsStandalone target not found
Native extension for WebGL target not found
Refreshing native plugins compatible for Editor in 0.73 ms, found 0 plugins.
Preloading 0 native plugins for Editor in 0.00 ms.
Invoked RoslynAnalysisRunner static constructor.
RoslynAnalysisRunner will not be running.
RoslynAnalysisRunner has terminated.
Mono: successfully reloaded assembly
- Completed reload, in  2.459 seconds
Platform modules already initialized, skipping
Refreshing native plugins compatible for Editor in 0.79 ms, found 0 plugins.
Preloading 0 native plugins for Editor in 0.00 ms.
Unloading 1114 Unused Serialized files (Serialized files now loaded: 0)
System memory in use before: 58.3 MB.
System memory in use after: 58.4 MB.

Unloading 4 unused Assets to reduce memory usage. Loaded Objects now: 1608.
Total: 8.562800 ms (FindLiveObjects: 2.722300 ms CreateObjectMapping: 0.153700 ms MarkObjects: 5.630300 ms  DeleteObjects: 0.051700 ms)

========================================================================
Received Prepare
Registering precompiled user dll's ...
Registered in 0.002472 seconds.
Begin MonoManager ReloadAssembly
Native extension for WindowsStandalone target not found
Native extension for WebGL target not found
Refreshing native plugins compatible for Editor in 0.83 ms, found 0 plugins.
Preloading 0 native plugins for Editor in 0.00 ms.
Invoked RoslynAnalysisRunner static constructor.
RoslynAnalysisRunner will not be running.
RoslynAnalysisRunner has terminated.
Mono: successfully reloaded assembly
- Completed reload, in  2.615 seconds
Platform modules already initialized, skipping
Refreshing native plugins compatible for Editor in 0.56 ms, found 0 plugins.
Preloading 0 native plugins for Editor in 0.00 ms.
Unloading 1114 Unused Serialized files (Serialized files now loaded: 0)
System memory in use before: 58.3 MB.
System memory in use after: 58.4 MB.

Unloading 4 unused Assets to reduce memory usage. Loaded Objects now: 1611.
Total: 4.740800 ms (FindLiveObjects: 0.400500 ms CreateObjectMapping: 0.082800 ms MarkObjects: 4.201200 ms  DeleteObjects: 0.053400 ms)

========================================================================
Received Import Request.
  Time since last request: 1004.477500 seconds.
  path: Assets/Scripts/PauseMenuUI.cs
  artifactKey: Guid(2c1ce742719f93c4795bb63eddbc08d2) Importer(815301076,1909f56bfc062723c751e8b465ee728b)
Start importing Assets/Scripts/PauseMenuUI.cs using Guid(2c1ce742719f93c4795bb63eddbc08d2) Importer(815301076,1909f56bfc062723c751e8b465ee728b)  -> (artifact id: '577ac8d92b67e9bd22b4296cd580f402') in 0.019631 seconds
  Import took 0.040527 seconds .

========================================================================
Received Prepare
Registering precompiled user dll's ...
Registered in 0.001460 seconds.
Begin MonoManager ReloadAssembly
Native extension for WindowsStandalone target not found
Native extension for WebGL target not found
Refreshing native plugins compatible for Editor in 0.52 ms, found 0 plugins.
Preloading 0 native plugins for Editor in 0.00 ms.
Invoked RoslynAnalysisRunner static constructor.
RoslynAnalysisRunner will not be running.
RoslynAnalysisRunner has terminated.
Mono: successfully reloaded assembly
- Completed reload, in  2.611 seconds
Platform modules already initialized, skipping
Refreshing native plugins compatible for Editor in 0.52 ms, found 0 plugins.
Preloading 0 native plugins for Editor in 0.00 ms.
Unloading 1113 Unused Serialized files (Serialized files now loaded: 0)
System memory in use before: 58.3 MB.
System memory in use after: 58.4 MB.

Unloading 5 unused Assets to reduce memory usage. Loaded Objects now: 1613.
Total: 6.516200 ms (FindLiveObjects: 0.521600 ms CreateObjectMapping: 0.128500 ms MarkObjects: 5.803300 ms  DeleteObjects: 0.059300 ms)

========================================================================
Received Import Request.
  Time since last request: 50.107365 seconds.
  path: Assets/Scripts/Pause.cs
  artifactKey: Guid(ef8d211cbb5920f42a50987024d9db59) Importer(815301076,1909f56bfc062723c751e8b465ee728b)
Start importing Assets/Scripts/Pause.cs using Guid(ef8d211cbb5920f42a50987024d9db59) Importer(815301076,1909f56bfc062723c751e8b465ee728b)  -> (artifact id: 'dc4bec7d4e1bd5f9046aa39e0257fbbe') in 0.115102 seconds
  Import took 0.126868 seconds .

========================================================================
Received Import Request.
  Time since last request: 0.007646 seconds.
  path: Assets/Scripts/Pause.cs
  artifactKey: Guid(ef8d211cbb5920f42a50987024d9db59) Importer(815301076,1909f56bfc062723c751e8b465ee728b)
Start importing Assets/Scripts/Pause.cs using Guid(ef8d211cbb5920f42a50987024d9db59) Importer(815301076,1909f56bfc062723c751e8b465ee728b)  -> (artifact id: 'dc4bec7d4e1bd5f9046aa39e0257fbbe') in 0.025615 seconds
  Import took 0.063219 seconds .

========================================================================
Received Prepare
Registering precompiled user dll's ...
Registered in 0.002365 seconds.
Begin MonoManager ReloadAssembly
Native extension for WindowsStandalone target not found
Native extension for WebGL target not found
Refreshing native plugins compatible for Editor in 0.54 ms, found 0 plugins.
Preloading 0 native plugins for Editor in 0.00 ms.
Invoked RoslynAnalysisRunner static constructor.
RoslynAnalysisRunner will not be running.
RoslynAnalysisRunner has terminated.
Mono: successfully reloaded assembly
- Completed reload, in  2.699 seconds
Platform modules already initialized, skipping
Refreshing native plugins compatible for Editor in 0.50 ms, found 0 plugins.
Preloading 0 native plugins for Editor in 0.02 ms.
Unloading 1114 Unused Serialized files (Serialized files now loaded: 0)
System memory in use before: 58.3 MB.
System memory in use after: 58.4 MB.

Unloading 4 unused Assets to reduce memory usage. Loaded Objects now: 1617.
Total: 5.345200 ms (FindLiveObjects: 0.384600 ms CreateObjectMapping: 0.115300 ms MarkObjects: 4.789100 ms  DeleteObjects: 0.051900 ms)

========================================================================
Received Prepare
Registering precompiled user dll's ...
Registered in 0.001632 seconds.
Begin MonoManager ReloadAssembly
Native extension for WindowsStandalone target not found
Native extension for WebGL target not found
Refreshing native plugins compatible for Editor in 0.83 ms, found 0 plugins.
Preloading 0 native plugins for Editor in 0.00 ms.
Invoked RoslynAnalysisRunner static constructor.
RoslynAnalysisRunner will not be running.
RoslynAnalysisRunner has terminated.
Mono: successfully reloaded assembly
- Completed reload, in  2.622 seconds
Platform modules already initialized, skipping
Refreshing native plugins compatible for Editor in 0.50 ms, found 0 plugins.
Preloading 0 native plugins for Editor in 0.00 ms.
Unloading 1114 Unused Serialized files (Serialized files now loaded: 0)
System memory in use before: 58.4 MB.
System memory in use after: 58.5 MB.

Unloading 4 unused Assets to reduce memory usage. Loaded Objects now: 1620.
Total: 4.768100 ms (FindLiveObjects: 0.509000 ms CreateObjectMapping: 0.095900 ms MarkObjects: 4.109700 ms  DeleteObjects: 0.048800 ms)

========================================================================
Received Prepare
Registering precompiled user dll's ...
Registered in 0.002269 seconds.
Begin MonoManager ReloadAssembly
Native extension for WindowsStandalone target not found
Native extension for WebGL target not found
Refreshing native plugins compatible for Editor in 0.45 ms, found 0 plugins.
Preloading 0 native plugins for Editor in 0.00 ms.
Invoked RoslynAnalysisRunner static constructor.
RoslynAnalysisRunner will not be running.
RoslynAnalysisRunner has terminated.
Mono: successfully reloaded assembly
- Completed reload, in  2.611 seconds
Platform modules already initialized, skipping
Refreshing native plugins compatible for Editor in 0.71 ms, found 0 plugins.
Preloading 0 native plugins for Editor in 0.00 ms.
Unloading 1114 Unused Serialized files (Serialized files now loaded: 0)
System memory in use before: 58.4 MB.
System memory in use after: 58.5 MB.

Unloading 4 unused Assets to reduce memory usage. Loaded Objects now: 1623.
Total: 4.974800 ms (FindLiveObjects: 0.497600 ms CreateObjectMapping: 0.196200 ms MarkObjects: 4.221900 ms  DeleteObjects: 0.054500 ms)

========================================================================
Received Import Request.
  Time since last request: 516.291266 seconds.
  path: Assets/Scripts/Pause.cs
  artifactKey: Guid(ef8d211cbb5920f42a50987024d9db59) Importer(815301076,1909f56bfc062723c751e8b465ee728b)
Start importing Assets/Scripts/Pause.cs using Guid(ef8d211cbb5920f42a50987024d9db59) Importer(815301076,1909f56bfc062723c751e8b465ee728b)  -> (artifact id: '0a01836361d96cbd3e7b828863a2871c') in 0.024323 seconds
  Import took 0.064863 seconds .

========================================================================
Received Import Request.
  Time since last request: 5.053816 seconds.
  path: Assets/Scripts/Pause.cs
  artifactKey: Guid(ef8d211cbb5920f42a50987024d9db59) Importer(815301076,1909f56bfc062723c751e8b465ee728b)
Start importing Assets/Scripts/Pause.cs using Guid(ef8d211cbb5920f42a50987024d9db59) Importer(815301076,1909f56bfc062723c751e8b465ee728b)  -> (artifact id: '0a01836361d96cbd3e7b828863a2871c') in 0.023036 seconds
  Import took 0.031857 seconds .

========================================================================
Received Prepare
Registering precompiled user dll's ...
Registered in 0.001950 seconds.
Begin MonoManager ReloadAssembly
Native extension for WindowsStandalone target not found
Native extension for WebGL target not found
Refreshing native plugins compatible for Editor in 0.53 ms, found 0 plugins.
Preloading 0 native plugins for Editor in 0.00 ms.
Invoked RoslynAnalysisRunner static constructor.
RoslynAnalysisRunner will not be running.
RoslynAnalysisRunner has terminated.
Mono: successfully reloaded assembly
- Completed reload, in  2.633 seconds
Platform modules already initialized, skipping
Refreshing native plugins compatible for Editor in 0.63 ms, found 0 plugins.
Preloading 0 native plugins for Editor in 0.00 ms.
Unloading 1114 Unused Serialized files (Serialized files now loaded: 0)
System memory in use before: 58.4 MB.
System memory in use after: 58.5 MB.

Unloading 4 unused Assets to reduce memory usage. Loaded Objects now: 1626.
Total: 5.923300 ms (FindLiveObjects: 0.549600 ms CreateObjectMapping: 0.139900 ms MarkObjects: 5.149600 ms  DeleteObjects: 0.079700 ms)

========================================================================
Received Import Request.
  Time since last request: 48.323443 seconds.
  path: Assets/Scripts/Pause.cs
  artifactKey: Guid(ef8d211cbb5920f42a50987024d9db59) Importer(815301076,1909f56bfc062723c751e8b465ee728b)
Start importing Assets/Scripts/Pause.cs using Guid(ef8d211cbb5920f42a50987024d9db59) Importer(815301076,1909f56bfc062723c751e8b465ee728b)  -> (artifact id: '963cbfc5de9104b274a80f0fc4ac767b') in 0.019078 seconds
  Import took 0.043258 seconds .

========================================================================
Received Import Request.
  Time since last request: 3.714238 seconds.
  path: Assets/Scripts/Pause.cs
  artifactKey: Guid(ef8d211cbb5920f42a50987024d9db59) Importer(815301076,1909f56bfc062723c751e8b465ee728b)
Start importing Assets/Scripts/Pause.cs using Guid(ef8d211cbb5920f42a50987024d9db59) Importer(815301076,1909f56bfc062723c751e8b465ee728b)  -> (artifact id: '963cbfc5de9104b274a80f0fc4ac767b') in 0.016463 seconds
  Import took 0.022765 seconds .

========================================================================
Received Prepare
Registering precompiled user dll's ...
Registered in 0.003710 seconds.
Begin MonoManager ReloadAssembly
Native extension for WindowsStandalone target not found
Native extension for WebGL target not found
Refreshing native plugins compatible for Editor in 0.72 ms, found 0 plugins.
Preloading 0 native plugins for Editor in 0.00 ms.
Invoked RoslynAnalysisRunner static constructor.
RoslynAnalysisRunner will not be running.
RoslynAnalysisRunner has terminated.
Mono: successfully reloaded assembly
- Completed reload, in  2.734 seconds
Platform modules already initialized, skipping
Refreshing native plugins compatible for Editor in 0.91 ms, found 0 plugins.
Preloading 0 native plugins for Editor in 0.00 ms.
Unloading 1114 Unused Serialized files (Serialized files now loaded: 0)
System memory in use before: 58.4 MB.
System memory in use after: 58.5 MB.

Unloading 4 unused Assets to reduce memory usage. Loaded Objects now: 1629.
Total: 6.746700 ms (FindLiveObjects: 0.318100 ms CreateObjectMapping: 0.065700 ms MarkObjects: 6.299500 ms  DeleteObjects: 0.058400 ms)

========================================================================
Received Import Request.
  Time since last request: 164.286072 seconds.
  path: Assets/Scripts/Pause.cs
  artifactKey: Guid(ef8d211cbb5920f42a50987024d9db59) Importer(815301076,1909f56bfc062723c751e8b465ee728b)
Start importing Assets/Scripts/Pause.cs using Guid(ef8d211cbb5920f42a50987024d9db59) Importer(815301076,1909f56bfc062723c751e8b465ee728b)  -> (artifact id: '3717d135eef6e99a5bf946bf903f0913') in 0.019628 seconds
  Import took 0.062071 seconds .

========================================================================
Received Import Request.
  Time since last request: 4.889082 seconds.
  path: Assets/Scripts/Pause.cs
  artifactKey: Guid(ef8d211cbb5920f42a50987024d9db59) Importer(815301076,1909f56bfc062723c751e8b465ee728b)
Start importing Assets/Scripts/Pause.cs using Guid(ef8d211cbb5920f42a50987024d9db59) Importer(815301076,1909f56bfc062723c751e8b465ee728b)  -> (artifact id: '3717d135eef6e99a5bf946bf903f0913') in 0.012722 seconds
  Import took 0.018720 seconds .

========================================================================
Received Prepare
Registering precompiled user dll's ...
Registered in 0.003896 seconds.
Begin MonoManager ReloadAssembly
Native extension for WindowsStandalone target not found
Native extension for WebGL target not found
Refreshing native plugins compatible for Editor in 0.57 ms, found 0 plugins.
Preloading 0 native plugins for Editor in 0.00 ms.
Invoked RoslynAnalysisRunner static constructor.
RoslynAnalysisRunner will not be running.
RoslynAnalysisRunner has terminated.
Mono: successfully reloaded assembly
- Completed reload, in  2.475 seconds
Platform modules already initialized, skipping
Refreshing native plugins compatible for Editor in 0.85 ms, found 0 plugins.
Preloading 0 native plugins for Editor in 0.00 ms.
Unloading 1114 Unused Serialized files (Serialized files now loaded: 0)
System memory in use before: 58.4 MB.
System memory in use after: 58.5 MB.

Unloading 4 unused Assets to reduce memory usage. Loaded Objects now: 1632.
Total: 5.855300 ms (FindLiveObjects: 0.686700 ms CreateObjectMapping: 0.215300 ms MarkObjects: 4.902200 ms  DeleteObjects: 0.047400 ms)

========================================================================
Received Import Request.
  Time since last request: 88.817149 seconds.
  path: Assets/Scripts/Pause.cs
  artifactKey: Guid(ef8d211cbb5920f42a50987024d9db59) Importer(815301076,1909f56bfc062723c751e8b465ee728b)
Start importing Assets/Scripts/Pause.cs using Guid(ef8d211cbb5920f42a50987024d9db59) Importer(815301076,1909f56bfc062723c751e8b465ee728b)  -> (artifact id: 'ba9335de450679a8dc73ca605a2fc4c8') in 0.013757 seconds
  Import took 0.048385 seconds .

========================================================================
Received Import Request.
  Time since last request: 5.666694 seconds.
  path: Assets/Scripts/Pause.cs
  artifactKey: Guid(ef8d211cbb5920f42a50987024d9db59) Importer(815301076,1909f56bfc062723c751e8b465ee728b)
Start importing Assets/Scripts/Pause.cs using Guid(ef8d211cbb5920f42a50987024d9db59) Importer(815301076,1909f56bfc062723c751e8b465ee728b)  -> (artifact id: 'ba9335de450679a8dc73ca605a2fc4c8') in 0.030949 seconds
  Import took 0.037753 seconds .

========================================================================
Received Prepare
Registering precompiled user dll's ...
Registered in 0.017199 seconds.
Begin MonoManager ReloadAssembly
Native extension for WindowsStandalone target not found
Native extension for WebGL target not found
Refreshing native plugins compatible for Editor in 0.63 ms, found 0 plugins.
Preloading 0 native plugins for Editor in 0.00 ms.
Invoked RoslynAnalysisRunner static constructor.
RoslynAnalysisRunner will not be running.
RoslynAnalysisRunner has terminated.
Mono: successfully reloaded assembly
- Completed reload, in  2.464 seconds
Platform modules already initialized, skipping
Refreshing native plugins compatible for Editor in 0.50 ms, found 0 plugins.
Preloading 0 native plugins for Editor in 0.00 ms.
Unloading 1114 Unused Serialized files (Serialized files now loaded: 0)
System memory in use before: 58.4 MB.
System memory in use after: 58.5 MB.

Unloading 4 unused Assets to reduce memory usage. Loaded Objects now: 1635.
Total: 6.013800 ms (FindLiveObjects: 0.549900 ms CreateObjectMapping: 0.100500 ms MarkObjects: 5.308200 ms  DeleteObjects: 0.050700 ms)

========================================================================
Received Prepare
Registering precompiled user dll's ...
Registered in 0.001552 seconds.
Begin MonoManager ReloadAssembly
Native extension for WindowsStandalone target not found
Native extension for WebGL target not found
Refreshing native plugins compatible for Editor in 0.51 ms, found 0 plugins.
Preloading 0 native plugins for Editor in 0.00 ms.
Invoked RoslynAnalysisRunner static constructor.
RoslynAnalysisRunner will not be running.
RoslynAnalysisRunner has terminated.
Mono: successfully reloaded assembly
- Completed reload, in  2.768 seconds
Platform modules already initialized, skipping
Refreshing native plugins compatible for Editor in 0.65 ms, found 0 plugins.
Preloading 0 native plugins for Editor in 0.00 ms.
Unloading 1114 Unused Serialized files (Serialized files now loaded: 0)
System memory in use before: 58.4 MB.
System memory in use after: 58.5 MB.

Unloading 4 unused Assets to reduce memory usage. Loaded Objects now: 1638.
Total: 5.432300 ms (FindLiveObjects: 0.597800 ms CreateObjectMapping: 0.167600 ms MarkObjects: 4.612700 ms  DeleteObjects: 0.049500 ms)

========================================================================
Received Prepare
Registering precompiled user dll's ...
Registered in 0.001772 seconds.
Begin MonoManager ReloadAssembly
Native extension for WindowsStandalone target not found
Native extension for WebGL target not found
Refreshing native plugins compatible for Editor in 0.51 ms, found 0 plugins.
Preloading 0 native plugins for Editor in 0.00 ms.
Invoked RoslynAnalysisRunner static constructor.
RoslynAnalysisRunner will not be running.
RoslynAnalysisRunner has terminated.
Mono: successfully reloaded assembly
- Completed reload, in  2.728 seconds
Platform modules already initialized, skipping
Refreshing native plugins compatible for Editor in 0.51 ms, found 0 plugins.
Preloading 0 native plugins for Editor in 0.00 ms.
Unloading 1114 Unused Serialized files (Serialized files now loaded: 0)
System memory in use before: 58.4 MB.
System memory in use after: 58.5 MB.

Unloading 4 unused Assets to reduce memory usage. Loaded Objects now: 1641.
Total: 5.816800 ms (FindLiveObjects: 0.533700 ms CreateObjectMapping: 0.114500 ms MarkObjects: 5.099200 ms  DeleteObjects: 0.064300 ms)

========================================================================
Received Prepare
Registering precompiled user dll's ...
Registered in 0.002525 seconds.
Begin MonoManager ReloadAssembly
Native extension for WindowsStandalone target not found
Native extension for WebGL target not found
Refreshing native plugins compatible for Editor in 0.52 ms, found 0 plugins.
Preloading 0 native plugins for Editor in 0.00 ms.
Invoked RoslynAnalysisRunner static constructor.
RoslynAnalysisRunner will not be running.
RoslynAnalysisRunner has terminated.
Mono: successfully reloaded assembly
- Completed reload, in  2.669 seconds
Platform modules already initialized, skipping
Refreshing native plugins compatible for Editor in 0.83 ms, found 0 plugins.
Preloading 0 native plugins for Editor in 0.00 ms.
Unloading 1114 Unused Serialized files (Serialized files now loaded: 0)
System memory in use before: 58.4 MB.
System memory in use after: 58.5 MB.

Unloading 4 unused Assets to reduce memory usage. Loaded Objects now: 1644.
Total: 7.381100 ms (FindLiveObjects: 0.729100 ms CreateObjectMapping: 0.130800 ms MarkObjects: 6.460600 ms  DeleteObjects: 0.056100 ms)

========================================================================
Received Prepare
Registering precompiled user dll's ...
Registered in 0.001863 seconds.
Begin MonoManager ReloadAssembly
Native extension for WindowsStandalone target not found
Native extension for WebGL target not found
Refreshing native plugins compatible for Editor in 0.68 ms, found 0 plugins.
Preloading 0 native plugins for Editor in 0.00 ms.
Invoked RoslynAnalysisRunner static constructor.
RoslynAnalysisRunner will not be running.
RoslynAnalysisRunner has terminated.
Mono: successfully reloaded assembly
- Completed reload, in  3.191 seconds
Platform modules already initialized, skipping
Refreshing native plugins compatible for Editor in 0.96 ms, found 0 plugins.
Preloading 0 native plugins for Editor in 0.00 ms.
Unloading 1114 Unused Serialized files (Serialized files now loaded: 0)
System memory in use before: 58.5 MB.
System memory in use after: 58.6 MB.

Unloading 4 unused Assets to reduce memory usage. Loaded Objects now: 1647.
Total: 4.387300 ms (FindLiveObjects: 0.478500 ms CreateObjectMapping: 0.095300 ms MarkObjects: 3.745600 ms  DeleteObjects: 0.063500 ms)

========================================================================
Received Prepare
Registering precompiled user dll's ...
Registered in 0.001456 seconds.
Begin MonoManager ReloadAssembly
Native extension for WindowsStandalone target not found
Native extension for WebGL target not found
Refreshing native plugins compatible for Editor in 0.46 ms, found 0 plugins.
Preloading 0 native plugins for Editor in 0.00 ms.
Invoked RoslynAnalysisRunner static constructor.
RoslynAnalysisRunner will not be running.
RoslynAnalysisRunner has terminated.
Mono: successfully reloaded assembly
- Completed reload, in  2.280 seconds
Platform modules already initialized, skipping
Refreshing native plugins compatible for Editor in 0.45 ms, found 0 plugins.
Preloading 0 native plugins for Editor in 0.00 ms.
Unloading 1114 Unused Serialized files (Serialized files now loaded: 0)
System memory in use before: 58.5 MB.
System memory in use after: 58.6 MB.

Unloading 4 unused Assets to reduce memory usage. Loaded Objects now: 1650.
Total: 4.234200 ms (FindLiveObjects: 0.485200 ms CreateObjectMapping: 0.143200 ms MarkObjects: 3.554200 ms  DeleteObjects: 0.047100 ms)

========================================================================
Received Prepare
Registering precompiled user dll's ...
Registered in 0.002960 seconds.
Begin MonoManager ReloadAssembly
Native extension for WindowsStandalone target not found
Native extension for WebGL target not found
Refreshing native plugins compatible for Editor in 0.46 ms, found 0 plugins.
Preloading 0 native plugins for Editor in 0.00 ms.
Invoked RoslynAnalysisRunner static constructor.
RoslynAnalysisRunner will not be running.
RoslynAnalysisRunner has terminated.
Mono: successfully reloaded assembly
- Completed reload, in  2.323 seconds
Platform modules already initialized, skipping
Refreshing native plugins compatible for Editor in 0.48 ms, found 0 plugins.
Preloading 0 native plugins for Editor in 0.00 ms.
Unloading 1114 Unused Serialized files (Serialized files now loaded: 0)
System memory in use before: 58.5 MB.
System memory in use after: 58.6 MB.

Unloading 4 unused Assets to reduce memory usage. Loaded Objects now: 1653.
Total: 6.512200 ms (FindLiveObjects: 0.439500 ms CreateObjectMapping: 0.076600 ms MarkObjects: 5.933500 ms  DeleteObjects: 0.058400 ms)

========================================================================
Received Prepare
Registering precompiled user dll's ...
Registered in 0.001519 seconds.
Begin MonoManager ReloadAssembly
Native extension for WindowsStandalone target not found
Native extension for WebGL target not found
Refreshing native plugins compatible for Editor in 0.49 ms, found 0 plugins.
Preloading 0 native plugins for Editor in 0.00 ms.
Invoked RoslynAnalysisRunner static constructor.
RoslynAnalysisRunner will not be running.
RoslynAnalysisRunner has terminated.
Mono: successfully reloaded assembly
- Completed reload, in  2.327 seconds
Platform modules already initialized, skipping
Refreshing native plugins compatible for Editor in 0.45 ms, found 0 plugins.
Preloading 0 native plugins for Editor in 0.00 ms.
Unloading 1114 Unused Serialized files (Serialized files now loaded: 0)
System memory in use before: 58.5 MB.
System memory in use after: 58.6 MB.

Unloading 4 unused Assets to reduce memory usage. Loaded Objects now: 1656.
Total: 4.892800 ms (FindLiveObjects: 0.509600 ms CreateObjectMapping: 0.155800 ms MarkObjects: 4.179500 ms  DeleteObjects: 0.043700 ms)

========================================================================
Received Prepare
Registering precompiled user dll's ...
Registered in 0.001587 seconds.
Begin MonoManager ReloadAssembly
Native extension for WindowsStandalone target not found
Native extension for WebGL target not found
Refreshing native plugins compatible for Editor in 0.40 ms, found 0 plugins.
Preloading 0 native plugins for Editor in 0.00 ms.
Invoked RoslynAnalysisRunner static constructor.
RoslynAnalysisRunner will not be running.
RoslynAnalysisRunner has terminated.
Mono: successfully reloaded assembly
- Completed reload, in  2.288 seconds
Platform modules already initialized, skipping
Refreshing native plugins compatible for Editor in 0.96 ms, found 0 plugins.
Preloading 0 native plugins for Editor in 0.00 ms.
Unloading 1114 Unused Serialized files (Serialized files now loaded: 0)
System memory in use before: 58.5 MB.
System memory in use after: 58.6 MB.

Unloading 4 unused Assets to reduce memory usage. Loaded Objects now: 1659.
Total: 7.103900 ms (FindLiveObjects: 0.396300 ms CreateObjectMapping: 0.080200 ms MarkObjects: 6.575400 ms  DeleteObjects: 0.047800 ms)

========================================================================
Received Prepare
Registering precompiled user dll's ...
Registered in 0.001446 seconds.
Begin MonoManager ReloadAssembly
Native extension for WindowsStandalone target not found
Native extension for WebGL target not found
Refreshing native plugins compatible for Editor in 0.68 ms, found 0 plugins.
Preloading 0 native plugins for Editor in 0.00 ms.
Invoked RoslynAnalysisRunner static constructor.
RoslynAnalysisRunner will not be running.
RoslynAnalysisRunner has terminated.
Mono: successfully reloaded assembly
- Completed reload, in  2.519 seconds
Platform modules already initialized, skipping
Refreshing native plugins compatible for Editor in 0.49 ms, found 0 plugins.
Preloading 0 native plugins for Editor in 0.00 ms.
Unloading 1114 Unused Serialized files (Serialized files now loaded: 0)
System memory in use before: 58.5 MB.
System memory in use after: 58.6 MB.

Unloading 4 unused Assets to reduce memory usage. Loaded Objects now: 1662.
Total: 3.837400 ms (FindLiveObjects: 0.683500 ms CreateObjectMapping: 0.172200 ms MarkObjects: 2.940900 ms  DeleteObjects: 0.037500 ms)

========================================================================
Received Prepare
Registering precompiled user dll's ...
Registered in 0.001418 seconds.
Begin MonoManager ReloadAssembly
Native extension for WindowsStandalone target not found
Native extension for WebGL target not found
Refreshing native plugins compatible for Editor in 0.46 ms, found 0 plugins.
Preloading 0 native plugins for Editor in 0.00 ms.
Invoked RoslynAnalysisRunner static constructor.
RoslynAnalysisRunner will not be running.
RoslynAnalysisRunner has terminated.
Mono: successfully reloaded assembly
- Completed reload, in  2.233 seconds
Platform modules already initialized, skipping
Refreshing native plugins compatible for Editor in 0.45 ms, found 0 plugins.
Preloading 0 native plugins for Editor in 0.00 ms.
Unloading 1114 Unused Serialized files (Serialized files now loaded: 0)
System memory in use before: 58.5 MB.
System memory in use after: 58.6 MB.

Unloading 4 unused Assets to reduce memory usage. Loaded Objects now: 1665.
Total: 7.224300 ms (FindLiveObjects: 1.044900 ms CreateObjectMapping: 0.188900 ms MarkObjects: 5.940300 ms  DeleteObjects: 0.045900 ms)

========================================================================
Received Import Request.
  Time since last request: 2164.421925 seconds.
  path: Assets/Scripts/Pause.cs
  artifactKey: Guid(ef8d211cbb5920f42a50987024d9db59) Importer(815301076,1909f56bfc062723c751e8b465ee728b)
Start importing Assets/Scripts/Pause.cs using Guid(ef8d211cbb5920f42a50987024d9db59) Importer(815301076,1909f56bfc062723c751e8b465ee728b)  -> (artifact id: '9ffc0a0047c69e9ba5b841fe1d23fff7') in 0.015865 seconds
  Import took 0.107463 seconds .

========================================================================
Received Prepare
Registering precompiled user dll's ...
Registered in 0.001453 seconds.
Begin MonoManager ReloadAssembly
Native extension for WindowsStandalone target not found
Native extension for WebGL target not found
Refreshing native plugins compatible for Editor in 0.51 ms, found 0 plugins.
Preloading 0 native plugins for Editor in 0.00 ms.
Invoked RoslynAnalysisRunner static constructor.
RoslynAnalysisRunner will not be running.
RoslynAnalysisRunner has terminated.
Mono: successfully reloaded assembly
- Completed reload, in  2.222 seconds
Platform modules already initialized, skipping
Refreshing native plugins compatible for Editor in 0.70 ms, found 0 plugins.
Preloading 0 native plugins for Editor in 0.00 ms.
Unloading 1113 Unused Serialized files (Serialized files now loaded: 0)
System memory in use before: 58.5 MB.
System memory in use after: 58.6 MB.

Unloading 5 unused Assets to reduce memory usage. Loaded Objects now: 1667.
Total: 5.894000 ms (FindLiveObjects: 0.590100 ms CreateObjectMapping: 0.135300 ms MarkObjects: 5.114900 ms  DeleteObjects: 0.049600 ms)

========================================================================
Received Import Request.
  Time since last request: 249.547873 seconds.
  path: Assets/Prefabs/Canvas 1.prefab
  artifactKey: Guid(e688a79251c12d64b87c722d205d19f7) Importer(815301076,1909f56bfc062723c751e8b465ee728b)
Start importing Assets/Prefabs/Canvas 1.prefab using Guid(e688a79251c12d64b87c722d205d19f7) Importer(815301076,1909f56bfc062723c751e8b465ee728b)  -> (artifact id: '16b617e911c3004aff6cd66581c59a18') in 0.341882 seconds
  Import took 0.384416 seconds .

========================================================================
Received Prepare
Registering precompiled user dll's ...
Registered in 0.001481 seconds.
Begin MonoManager ReloadAssembly
Native extension for WindowsStandalone target not found
Native extension for WebGL target not found
Refreshing native plugins compatible for Editor in 0.46 ms, found 0 plugins.
Preloading 0 native plugins for Editor in 0.00 ms.
Invoked RoslynAnalysisRunner static constructor.
RoslynAnalysisRunner will not be running.
RoslynAnalysisRunner has terminated.
Mono: successfully reloaded assembly
- Completed reload, in  2.343 seconds
Platform modules already initialized, skipping
Refreshing native plugins compatible for Editor in 0.46 ms, found 0 plugins.
Preloading 0 native plugins for Editor in 0.00 ms.
Unloading 1113 Unused Serialized files (Serialized files now loaded: 0)
System memory in use before: 58.5 MB.
System memory in use after: 58.6 MB.

Unloading 5 unused Assets to reduce memory usage. Loaded Objects now: 1670.
Total: 5.658000 ms (FindLiveObjects: 0.436300 ms CreateObjectMapping: 0.114000 ms MarkObjects: 5.039500 ms  DeleteObjects: 0.065000 ms)

========================================================================
Received Import Request.
  Time since last request: 113.148101 seconds.
  path: Assets/Scenes/Level 0.unity
  artifactKey: Guid(9fc0d4010bbf28b4594072e72b8655ab) Importer(815301076,1909f56bfc062723c751e8b465ee728b)
Start importing Assets/Scenes/Level 0.unity using Guid(9fc0d4010bbf28b4594072e72b8655ab) Importer(815301076,1909f56bfc062723c751e8b465ee728b)  -> (artifact id: 'd926107fc5ea5c2920de3949f50f5b93') in 0.074863 seconds
  Import took 0.109314 seconds .

========================================================================
Received Prepare
Registering precompiled user dll's ...
Registered in 0.001616 seconds.
Begin MonoManager ReloadAssembly
Native extension for WindowsStandalone target not found
Native extension for WebGL target not found
Refreshing native plugins compatible for Editor in 0.61 ms, found 0 plugins.
Preloading 0 native plugins for Editor in 0.00 ms.
Invoked RoslynAnalysisRunner static constructor.
RoslynAnalysisRunner will not be running.
RoslynAnalysisRunner has terminated.
Mono: successfully reloaded assembly
- Completed reload, in  2.252 seconds
Platform modules already initialized, skipping
Refreshing native plugins compatible for Editor in 0.47 ms, found 0 plugins.
Preloading 0 native plugins for Editor in 0.00 ms.
Unloading 1113 Unused Serialized files (Serialized files now loaded: 0)
System memory in use before: 58.5 MB.
System memory in use after: 58.6 MB.

Unloading 4 unused Assets to reduce memory usage. Loaded Objects now: 1673.
Total: 4.215600 ms (FindLiveObjects: 0.307400 ms CreateObjectMapping: 0.076700 ms MarkObjects: 3.785500 ms  DeleteObjects: 0.042900 ms)

========================================================================
Received Prepare
Registering precompiled user dll's ...
Registered in 0.001458 seconds.
Begin MonoManager ReloadAssembly
Native extension for WindowsStandalone target not found
Native extension for WebGL target not found
Refreshing native plugins compatible for Editor in 0.46 ms, found 0 plugins.
Preloading 0 native plugins for Editor in 0.00 ms.
Invoked RoslynAnalysisRunner static constructor.
RoslynAnalysisRunner will not be running.
RoslynAnalysisRunner has terminated.
Mono: successfully reloaded assembly
- Completed reload, in  2.386 seconds
Platform modules already initialized, skipping
Refreshing native plugins compatible for Editor in 0.45 ms, found 0 plugins.
Preloading 0 native plugins for Editor in 0.00 ms.
Unloading 1113 Unused Serialized files (Serialized files now loaded: 0)
System memory in use before: 58.5 MB.
System memory in use after: 58.6 MB.

Unloading 4 unused Assets to reduce memory usage. Loaded Objects now: 1676.
Total: 5.235700 ms (FindLiveObjects: 0.411500 ms CreateObjectMapping: 0.127100 ms MarkObjects: 4.650500 ms  DeleteObjects: 0.041900 ms)

========================================================================
Received Import Request.
  Time since last request: 705.109401 seconds.
  path: Assets/Prefabs/Home.prefab
  artifactKey: Guid(e688a79251c12d64b87c722d205d19f7) Importer(815301076,1909f56bfc062723c751e8b465ee728b)
Start importing Assets/Prefabs/Home.prefab using Guid(e688a79251c12d64b87c722d205d19f7) Importer(815301076,1909f56bfc062723c751e8b465ee728b)  -> (artifact id: 'e85004a48b7396f6809e185faf273110') in 0.715082 seconds
  Import took 0.752031 seconds .

========================================================================
Received Import Request.
  Time since last request: 40.993642 seconds.
  path: Assets/Scenes/Level 7.unity
  artifactKey: Guid(6f53db9e763995b4483f5bebbff3f05e) Importer(815301076,1909f56bfc062723c751e8b465ee728b)
Start importing Assets/Scenes/Level 7.unity using Guid(6f53db9e763995b4483f5bebbff3f05e) Importer(815301076,1909f56bfc062723c751e8b465ee728b)  -> (artifact id: '8a8bc3ee189e5ddb7d96b624573175b0') in 0.070762 seconds
  Import took 0.114997 seconds .

========================================================================
Received Import Request.
  Time since last request: 8.077301 seconds.
  path: Assets/Scenes/Level 8.unity
  artifactKey: Guid(83de5c5856282dc44959d663f6aca016) Importer(815301076,1909f56bfc062723c751e8b465ee728b)
Start importing Assets/Scenes/Level 8.unity using Guid(83de5c5856282dc44959d663f6aca016) Importer(815301076,1909f56bfc062723c751e8b465ee728b)  -> (artifact id: 'f4f6f23a17710a8b7115bc72989e236d') in 0.040264 seconds
  Import took 0.053836 seconds .

========================================================================
Received Prepare
Registering precompiled user dll's ...
Registered in 0.002192 seconds.
Begin MonoManager ReloadAssembly
Native extension for WindowsStandalone target not found
Native extension for WebGL target not found
Refreshing native plugins compatible for Editor in 0.46 ms, found 0 plugins.
Preloading 0 native plugins for Editor in 0.00 ms.
Invoked RoslynAnalysisRunner static constructor.
RoslynAnalysisRunner will not be running.
RoslynAnalysisRunner has terminated.
Mono: successfully reloaded assembly
- Completed reload, in  2.485 seconds
Platform modules already initialized, skipping
Refreshing native plugins compatible for Editor in 0.71 ms, found 0 plugins.
Preloading 0 native plugins for Editor in 0.00 ms.
Unloading 1113 Unused Serialized files (Serialized files now loaded: 0)
System memory in use before: 58.5 MB.
System memory in use after: 58.6 MB.

Unloading 5 unused Assets to reduce memory usage. Loaded Objects now: 1679.
Total: 4.885300 ms (FindLiveObjects: 0.527300 ms CreateObjectMapping: 0.147500 ms MarkObjects: 4.147600 ms  DeleteObjects: 0.058800 ms)

========================================================================
Received Import Request.
  Time since last request: 68.071406 seconds.
  path: Assets/Scenes/Level 0.unity
  artifactKey: Guid(9fc0d4010bbf28b4594072e72b8655ab) Importer(815301076,1909f56bfc062723c751e8b465ee728b)
Start importing Assets/Scenes/Level 0.unity using Guid(9fc0d4010bbf28b4594072e72b8655ab) Importer(815301076,1909f56bfc062723c751e8b465ee728b)  -> (artifact id: 'ce5a1c51d296f959f8279afb88d9a0d7') in 0.037832 seconds
  Import took 0.087073 seconds .

========================================================================
Received Import Request.
  Time since last request: 16.923506 seconds.
  path: Assets/Scenes/Level 1.unity
  artifactKey: Guid(9cba4681f8d50dd45b9891e0205ec6c8) Importer(815301076,1909f56bfc062723c751e8b465ee728b)
Start importing Assets/Scenes/Level 1.unity using Guid(9cba4681f8d50dd45b9891e0205ec6c8) Importer(815301076,1909f56bfc062723c751e8b465ee728b)  -> (artifact id: '270cd6d85772d35d703c3e94ad6eee29') in 0.036064 seconds
  Import took 0.085299 seconds .

========================================================================
Received Prepare
Registering precompiled user dll's ...
Registered in 0.001634 seconds.
Begin MonoManager ReloadAssembly
Native extension for WindowsStandalone target not found
Native extension for WebGL target not found
Refreshing native plugins compatible for Editor in 0.46 ms, found 0 plugins.
Preloading 0 native plugins for Editor in 0.00 ms.
Invoked RoslynAnalysisRunner static constructor.
RoslynAnalysisRunner will not be running.
RoslynAnalysisRunner has terminated.
Mono: successfully reloaded assembly
- Completed reload, in  2.389 seconds
Platform modules already initialized, skipping
Refreshing native plugins compatible for Editor in 0.46 ms, found 0 plugins.
Preloading 0 native plugins for Editor in 0.00 ms.
Unloading 1113 Unused Serialized files (Serialized files now loaded: 0)
System memory in use before: 58.5 MB.
System memory in use after: 58.6 MB.

Unloading 4 unused Assets to reduce memory usage. Loaded Objects now: 1682.
Total: 4.881300 ms (FindLiveObjects: 0.954700 ms CreateObjectMapping: 0.094500 ms MarkObjects: 3.764400 ms  DeleteObjects: 0.062800 ms)

========================================================================
Received Prepare
Registering precompiled user dll's ...
Registered in 0.001543 seconds.
Begin MonoManager ReloadAssembly
Native extension for WindowsStandalone target not found
Native extension for WebGL target not found
Refreshing native plugins compatible for Editor in 0.58 ms, found 0 plugins.
Preloading 0 native plugins for Editor in 0.00 ms.
Invoked RoslynAnalysisRunner static constructor.
RoslynAnalysisRunner will not be running.
RoslynAnalysisRunner has terminated.
Mono: successfully reloaded assembly
- Completed reload, in  2.705 seconds
Platform modules already initialized, skipping
Refreshing native plugins compatible for Editor in 0.52 ms, found 0 plugins.
Preloading 0 native plugins for Editor in 0.00 ms.
Unloading 1113 Unused Serialized files (Serialized files now loaded: 0)
System memory in use before: 58.5 MB.
System memory in use after: 58.6 MB.

Unloading 4 unused Assets to reduce memory usage. Loaded Objects now: 1685.
Total: 5.151100 ms (FindLiveObjects: 0.545500 ms CreateObjectMapping: 0.084200 ms MarkObjects: 4.440800 ms  DeleteObjects: 0.075700 ms)

========================================================================
Received Import Request.
  Time since last request: 552.360531 seconds.
  path: Assets/Prefabs/Rocket.prefab
  artifactKey: Guid(d82d4cee9e38509449ad36ad40c46ceb) Importer(815301076,1909f56bfc062723c751e8b465ee728b)
Start importing Assets/Prefabs/Rocket.prefab using Guid(d82d4cee9e38509449ad36ad40c46ceb) Importer(815301076,1909f56bfc062723c751e8b465ee728b)  -> (artifact id: '2d8d3db938af9ff179ffd4f78e9f5109') in 1.561559 seconds
  Import took 1.585110 seconds .

========================================================================
Received Import Request.
  Time since last request: 12.437645 seconds.
  path: Assets/Prefabs/Rocket.prefab
  artifactKey: Guid(d82d4cee9e38509449ad36ad40c46ceb) Importer(815301076,1909f56bfc062723c751e8b465ee728b)
Start importing Assets/Prefabs/Rocket.prefab using Guid(d82d4cee9e38509449ad36ad40c46ceb) Importer(815301076,1909f56bfc062723c751e8b465ee728b)  -> (artifact id: '40476f3c211d00ae779ad6e2b14b3dc1') in 0.652770 seconds
  Import took 0.662898 seconds .

========================================================================
Received Prepare
Registering precompiled user dll's ...
Registered in 0.001524 seconds.
Begin MonoManager ReloadAssembly
Native extension for WindowsStandalone target not found
Native extension for WebGL target not found
Refreshing native plugins compatible for Editor in 0.53 ms, found 0 plugins.
Preloading 0 native plugins for Editor in 0.00 ms.
Invoked RoslynAnalysisRunner static constructor.
RoslynAnalysisRunner will not be running.
RoslynAnalysisRunner has terminated.
Mono: successfully reloaded assembly
- Completed reload, in  2.517 seconds
Platform modules already initialized, skipping
Refreshing native plugins compatible for Editor in 0.49 ms, found 0 plugins.
Preloading 0 native plugins for Editor in 0.00 ms.
Unloading 1113 Unused Serialized files (Serialized files now loaded: 0)
System memory in use before: 61.7 MB.
System memory in use after: 61.8 MB.

Unloading 5 unused Assets to reduce memory usage. Loaded Objects now: 1698.
Total: 4.793400 ms (FindLiveObjects: 0.366700 ms CreateObjectMapping: 0.078100 ms MarkObjects: 4.278900 ms  DeleteObjects: 0.066100 ms)

========================================================================
Received Import Request.
  Time since last request: 29.630873 seconds.
  path: Assets/Scenes/Level 2.unity
  artifactKey: Guid(79bf023a810099a418f8f0a1874e6385) Importer(815301076,1909f56bfc062723c751e8b465ee728b)
Start importing Assets/Scenes/Level 2.unity using Guid(79bf023a810099a418f8f0a1874e6385) Importer(815301076,1909f56bfc062723c751e8b465ee728b)  -> (artifact id: 'b442456ff3170a73e15cee996bed8dba') in 0.051216 seconds
  Import took 0.070688 seconds .

========================================================================
Received Import Request.
  Time since last request: 2.177833 seconds.
  path: Assets/Scenes/Level 3.unity
  artifactKey: Guid(45c4aab90582f8448a97041390e64d39) Importer(815301076,1909f56bfc062723c751e8b465ee728b)
Start importing Assets/Scenes/Level 3.unity using Guid(45c4aab90582f8448a97041390e64d39) Importer(815301076,1909f56bfc062723c751e8b465ee728b)  -> (artifact id: '9597d6e73c276e5720ca82499afe992a') in 0.037374 seconds
  Import took 0.066782 seconds .

========================================================================
Received Import Request.
  Time since last request: 6.246408 seconds.
  path: Assets/Scenes/Level 4.unity
  artifactKey: Guid(de9e74dec3f4fb946a9d3a950997cc13) Importer(815301076,1909f56bfc062723c751e8b465ee728b)
Start importing Assets/Scenes/Level 4.unity using Guid(de9e74dec3f4fb946a9d3a950997cc13) Importer(815301076,1909f56bfc062723c751e8b465ee728b)  -> (artifact id: 'c1ea241970693bb03f2e0da4b70a627a') in 0.032774 seconds
  Import took 0.038897 seconds .

========================================================================
Received Import Request.
  Time since last request: 4.756416 seconds.
  path: Assets/Scenes/Level 5.unity
  artifactKey: Guid(4a5705c7e2dad7a419907070d6b0cdb9) Importer(815301076,1909f56bfc062723c751e8b465ee728b)
Start importing Assets/Scenes/Level 5.unity using Guid(4a5705c7e2dad7a419907070d6b0cdb9) Importer(815301076,1909f56bfc062723c751e8b465ee728b)  -> (artifact id: 'ad84b49874c3d1bd45e5e94059eea72c') in 0.036484 seconds
  Import took 0.176832 seconds .

========================================================================
Received Import Request.
  Time since last request: 4.682003 seconds.
  path: Assets/Scenes/Level 6.unity
  artifactKey: Guid(5e292df1baecfd8419a6c1abcc5d3d08) Importer(815301076,1909f56bfc062723c751e8b465ee728b)
Start importing Assets/Scenes/Level 6.unity using Guid(5e292df1baecfd8419a6c1abcc5d3d08) Importer(815301076,1909f56bfc062723c751e8b465ee728b)  -> (artifact id: '49736b0c494db06bb6cafce07c23a6c2') in 0.044109 seconds
  Import took 0.059917 seconds .

========================================================================
Received Import Request.
  Time since last request: 5.111222 seconds.
  path: Assets/Scenes/Level 7.unity
  artifactKey: Guid(6f53db9e763995b4483f5bebbff3f05e) Importer(815301076,1909f56bfc062723c751e8b465ee728b)
Start importing Assets/Scenes/Level 7.unity using Guid(6f53db9e763995b4483f5bebbff3f05e) Importer(815301076,1909f56bfc062723c751e8b465ee728b)  -> (artifact id: '609df925b82bf928388dfd0ab40eda78') in 0.020955 seconds
  Import took 0.036481 seconds .

========================================================================
Received Import Request.
  Time since last request: 5.055629 seconds.
  path: Assets/Scenes/Level 8.unity
  artifactKey: Guid(83de5c5856282dc44959d663f6aca016) Importer(815301076,1909f56bfc062723c751e8b465ee728b)
Start importing Assets/Scenes/Level 8.unity using Guid(83de5c5856282dc44959d663f6aca016) Importer(815301076,1909f56bfc062723c751e8b465ee728b)  -> (artifact id: '983324a1f941af6db8980d0c2a1d0c97') in 0.015714 seconds
  Import took 0.051628 seconds .

========================================================================
Received Import Request.
  Time since last request: 0.006190 seconds.
  path: Assets/Scenes/Level 8.unity
  artifactKey: Guid(83de5c5856282dc44959d663f6aca016) Importer(815301076,1909f56bfc062723c751e8b465ee728b)
Start importing Assets/Scenes/Level 8.unity using Guid(83de5c5856282dc44959d663f6aca016) Importer(815301076,1909f56bfc062723c751e8b465ee728b)  -> (artifact id: '983324a1f941af6db8980d0c2a1d0c97') in 0.015183 seconds
  Import took 0.021190 seconds .

========================================================================
Received Import Request.
  Time since last request: 5.490488 seconds.
  path: Assets/Scenes/Level 9.unity
  artifactKey: Guid(1cfed229aed316541be01a3371e98f28) Importer(815301076,1909f56bfc062723c751e8b465ee728b)
Start importing Assets/Scenes/Level 9.unity using Guid(1cfed229aed316541be01a3371e98f28) Importer(815301076,1909f56bfc062723c751e8b465ee728b)  -> (artifact id: '611416b5589bf4a7426eb295bd8a323e') in 0.034591 seconds
  Import took 0.041406 seconds .

========================================================================
Received Prepare
Registering precompiled user dll's ...
Registered in 0.001633 seconds.
Begin MonoManager ReloadAssembly
Native extension for WindowsStandalone target not found
Native extension for WebGL target not found
Refreshing native plugins compatible for Editor in 0.58 ms, found 0 plugins.
Preloading 0 native plugins for Editor in 0.00 ms.
Invoked RoslynAnalysisRunner static constructor.
RoslynAnalysisRunner will not be running.
RoslynAnalysisRunner has terminated.
Mono: successfully reloaded assembly
- Completed reload, in  2.415 seconds
Platform modules already initialized, skipping
Refreshing native plugins compatible for Editor in 0.65 ms, found 0 plugins.
Preloading 0 native plugins for Editor in 0.00 ms.
Unloading 1113 Unused Serialized files (Serialized files now loaded: 0)
System memory in use before: 61.8 MB.
System memory in use after: 61.9 MB.

Unloading 4 unused Assets to reduce memory usage. Loaded Objects now: 1701.
Total: 4.765000 ms (FindLiveObjects: 0.358400 ms CreateObjectMapping: 0.076900 ms MarkObjects: 4.267300 ms  DeleteObjects: 0.058800 ms)

========================================================================
Received Prepare
Registering precompiled user dll's ...
Registered in 0.002118 seconds.
Begin MonoManager ReloadAssembly
Native extension for WindowsStandalone target not found
Native extension for WebGL target not found
Refreshing native plugins compatible for Editor in 0.53 ms, found 0 plugins.
Preloading 0 native plugins for Editor in 0.00 ms.
Invoked RoslynAnalysisRunner static constructor.
RoslynAnalysisRunner will not be running.
RoslynAnalysisRunner has terminated.
Mono: successfully reloaded assembly
- Completed reload, in  2.507 seconds
Platform modules already initialized, skipping
Refreshing native plugins compatible for Editor in 0.96 ms, found 0 plugins.
Preloading 0 native plugins for Editor in 0.00 ms.
Unloading 1113 Unused Serialized files (Serialized files now loaded: 0)
System memory in use before: 61.8 MB.
System memory in use after: 61.9 MB.

Unloading 4 unused Assets to reduce memory usage. Loaded Objects now: 1704.
Total: 5.080400 ms (FindLiveObjects: 0.508800 ms CreateObjectMapping: 0.160600 ms MarkObjects: 4.347100 ms  DeleteObjects: 0.058100 ms)

========================================================================
Received Import Request.
  Time since last request: 319.008180 seconds.
  path: Assets/Scenes/EndScene.unity
  artifactKey: Guid(82f99dc7e8a4dbf4c9dd49d87de8e5b3) Importer(815301076,1909f56bfc062723c751e8b465ee728b)
Start importing Assets/Scenes/EndScene.unity using Guid(82f99dc7e8a4dbf4c9dd49d87de8e5b3) Importer(815301076,1909f56bfc062723c751e8b465ee728b)  -> (artifact id: 'e985de721a663786cf139fa4e76159cc') in 0.048603 seconds
  Import took 0.057353 seconds .

========================================================================
Received Prepare
Registering precompiled user dll's ...
Registered in 0.001935 seconds.
Begin MonoManager ReloadAssembly
Native extension for WindowsStandalone target not found
Native extension for WebGL target not found
Refreshing native plugins compatible for Editor in 0.52 ms, found 0 plugins.
Preloading 0 native plugins for Editor in 0.00 ms.
Invoked RoslynAnalysisRunner static constructor.
RoslynAnalysisRunner will not be running.
RoslynAnalysisRunner has terminated.
Mono: successfully reloaded assembly
- Completed reload, in  2.297 seconds
Platform modules already initialized, skipping
Refreshing native plugins compatible for Editor in 0.46 ms, found 0 plugins.
Preloading 0 native plugins for Editor in 0.00 ms.
Unloading 1113 Unused Serialized files (Serialized files now loaded: 0)
System memory in use before: 61.8 MB.
System memory in use after: 61.9 MB.

Unloading 4 unused Assets to reduce memory usage. Loaded Objects now: 1707.
Total: 5.312800 ms (FindLiveObjects: 0.328400 ms CreateObjectMapping: 0.074900 ms MarkObjects: 4.857700 ms  DeleteObjects: 0.047900 ms)

========================================================================
Received Prepare
Registering precompiled user dll's ...
Registered in 0.001557 seconds.
Begin MonoManager ReloadAssembly
Native extension for WindowsStandalone target not found
Native extension for WebGL target not found
Refreshing native plugins compatible for Editor in 0.46 ms, found 0 plugins.
Preloading 0 native plugins for Editor in 0.00 ms.
Invoked RoslynAnalysisRunner static constructor.
RoslynAnalysisRunner will not be running.
RoslynAnalysisRunner has terminated.
Mono: successfully reloaded assembly
- Completed reload, in  2.461 seconds
Platform modules already initialized, skipping
Refreshing native plugins compatible for Editor in 0.49 ms, found 0 plugins.
Preloading 0 native plugins for Editor in 0.00 ms.
Unloading 1113 Unused Serialized files (Serialized files now loaded: 0)
System memory in use before: 61.8 MB.
System memory in use after: 61.9 MB.

Unloading 4 unused Assets to reduce memory usage. Loaded Objects now: 1710.
Total: 6.690400 ms (FindLiveObjects: 0.539000 ms CreateObjectMapping: 0.114100 ms MarkObjects: 5.985100 ms  DeleteObjects: 0.047400 ms)

========================================================================
Received Prepare
Registering precompiled user dll's ...
Registered in 0.001898 seconds.
Begin MonoManager ReloadAssembly
Native extension for WindowsStandalone target not found
Native extension for WebGL target not found
Refreshing native plugins compatible for Editor in 0.46 ms, found 0 plugins.
Preloading 0 native plugins for Editor in 0.00 ms.
Invoked RoslynAnalysisRunner static constructor.
RoslynAnalysisRunner will not be running.
RoslynAnalysisRunner has terminated.
Mono: successfully reloaded assembly
- Completed reload, in  2.351 seconds
Platform modules already initialized, skipping
Refreshing native plugins compatible for Editor in 0.46 ms, found 0 plugins.
Preloading 0 native plugins for Editor in 0.00 ms.
Unloading 1113 Unused Serialized files (Serialized files now loaded: 0)
System memory in use before: 61.8 MB.
System memory in use after: 61.9 MB.

Unloading 4 unused Assets to reduce memory usage. Loaded Objects now: 1713.
Total: 5.143100 ms (FindLiveObjects: 0.523600 ms CreateObjectMapping: 0.149500 ms MarkObjects: 4.411600 ms  DeleteObjects: 0.051600 ms)

========================================================================
Received Import Request.
  Time since last request: 1061.384654 seconds.
  path: Assets/Scenes/EndScene 1.unity
  artifactKey: Guid(09816c99dc3bef24093de4d2bbff9706) Importer(815301076,1909f56bfc062723c751e8b465ee728b)
Start importing Assets/Scenes/EndScene 1.unity using Guid(09816c99dc3bef24093de4d2bbff9706) Importer(815301076,1909f56bfc062723c751e8b465ee728b)  -> (artifact id: '778fb3f237bc4ea20beddb3d3fcf9900') in 0.080837 seconds
  Import took 0.088937 seconds .

========================================================================
Received Import Request.
  Time since last request: 1020.528086 seconds.
  path: Assets/lOGO.jpg
  artifactKey: Guid(3aac0ad29a349254f938acb2399fc911) Importer(815301076,1909f56bfc062723c751e8b465ee728b)
Start importing Assets/lOGO.jpg using Guid(3aac0ad29a349254f938acb2399fc911) Importer(815301076,1909f56bfc062723c751e8b465ee728b)  -> (artifact id: 'f4b48322e9f3e98721e3cfab2397d95e') in 0.405857 seconds
  Import took 0.413199 seconds .

========================================================================
Received Import Request.
  Time since last request: 153.073789 seconds.
  path: Assets/Scenes/Main Menu.unity
  artifactKey: Guid(c46b078998ef5484fb37c19470fedd0c) Importer(815301076,1909f56bfc062723c751e8b465ee728b)
Start importing Assets/Scenes/Main Menu.unity using Guid(c46b078998ef5484fb37c19470fedd0c) Importer(815301076,1909f56bfc062723c751e8b465ee728b)  -> (artifact id: '4d61f87e90b1172f07d196693f5f4e77') in 0.043081 seconds
  Import took 0.076649 seconds .

========================================================================
Received Import Request.
  Time since last request: 0.001845 seconds.
  path: Assets/Scenes/Main Menu.unity
  artifactKey: Guid(c46b078998ef5484fb37c19470fedd0c) Importer(815301076,1909f56bfc062723c751e8b465ee728b)
Start importing Assets/Scenes/Main Menu.unity using Guid(c46b078998ef5484fb37c19470fedd0c) Importer(815301076,1909f56bfc062723c751e8b465ee728b)  -> (artifact id: '4d61f87e90b1172f07d196693f5f4e77') in 0.018315 seconds
  Import took 0.026765 seconds .

========================================================================
Received Prepare
Registering precompiled user dll's ...
Registered in 0.001547 seconds.
Begin MonoManager ReloadAssembly
Native extension for WindowsStandalone target not found
Native extension for WebGL target not found
Refreshing native plugins compatible for Editor in 0.60 ms, found 0 plugins.
Preloading 0 native plugins for Editor in 0.00 ms.
Invoked RoslynAnalysisRunner static constructor.
RoslynAnalysisRunner will not be running.
RoslynAnalysisRunner has terminated.
Mono: successfully reloaded assembly
- Completed reload, in  2.803 seconds
Platform modules already initialized, skipping
Refreshing native plugins compatible for Editor in 0.75 ms, found 0 plugins.
Preloading 0 native plugins for Editor in 0.00 ms.
Unloading 1113 Unused Serialized files (Serialized files now loaded: 0)
System memory in use before: 61.8 MB.
System memory in use after: 61.9 MB.

Unloading 4 unused Assets to reduce memory usage. Loaded Objects now: 1717.
Total: 6.335500 ms (FindLiveObjects: 0.347800 ms CreateObjectMapping: 0.078200 ms MarkObjects: 5.852000 ms  DeleteObjects: 0.053600 ms)

========================================================================
Received Prepare
Refreshing native plugins compatible for Editor in 1.88 ms, found 0 plugins.
Preloading 0 native plugins for Editor in 0.00 ms.
Unloading 2 Unused Serialized files (Serialized files now loaded: 0)
System memory in use before: 39.8 MB.
System memory in use after: 39.9 MB.

Unloading 2 unused Assets to reduce memory usage. Loaded Objects now: 1717.
Total: 5.790000 ms (FindLiveObjects: 0.350300 ms CreateObjectMapping: 0.076100 ms MarkObjects: 5.318900 ms  DeleteObjects: 0.040700 ms)

